mode: set
github.com/taofit/GPA-calculator/api/api.go:22.76,27.2 1 1
github.com/taofit/GPA-calculator/api/api.go:29.64,34.2 3 1
github.com/taofit/GPA-calculator/api/api.go:36.53,37.54 1 0
github.com/taofit/GPA-calculator/api/api.go:37.54,38.33 1 0
github.com/taofit/GPA-calculator/api/api.go:38.33,40.4 1 0
github.com/taofit/GPA-calculator/api/api.go:44.85,45.23 1 0
github.com/taofit/GPA-calculator/api/api.go:48.2,48.24 1 0
github.com/taofit/GPA-calculator/api/api.go:52.2,52.54 1 0
github.com/taofit/GPA-calculator/api/api.go:45.23,47.3 1 0
github.com/taofit/GPA-calculator/api/api.go:48.24,50.3 1 0
github.com/taofit/GPA-calculator/api/api.go:55.93,57.16 2 1
github.com/taofit/GPA-calculator/api/api.go:60.2,60.47 1 1
github.com/taofit/GPA-calculator/api/api.go:57.16,59.3 1 0
github.com/taofit/GPA-calculator/api/api.go:63.93,65.66 2 1
github.com/taofit/GPA-calculator/api/api.go:68.2,68.29 1 1
github.com/taofit/GPA-calculator/api/api.go:74.2,74.85 1 1
github.com/taofit/GPA-calculator/api/api.go:65.66,67.3 1 0
github.com/taofit/GPA-calculator/api/api.go:68.29,70.17 2 1
github.com/taofit/GPA-calculator/api/api.go:70.17,72.4 1 0
github.com/taofit/GPA-calculator/api/api.go:77.27,83.2 4 0
github.com/taofit/GPA-calculator/api/api.go:85.44,88.20 3 1
github.com/taofit/GPA-calculator/api/api.go:92.2,93.16 2 1
github.com/taofit/GPA-calculator/api/api.go:96.2,96.33 1 1
github.com/taofit/GPA-calculator/api/api.go:102.2,103.16 2 1
github.com/taofit/GPA-calculator/api/api.go:106.2,106.27 1 1
github.com/taofit/GPA-calculator/api/api.go:88.20,91.3 2 1
github.com/taofit/GPA-calculator/api/api.go:93.16,95.3 1 0
github.com/taofit/GPA-calculator/api/api.go:96.33,98.17 2 1
github.com/taofit/GPA-calculator/api/api.go:98.17,100.4 1 0
github.com/taofit/GPA-calculator/api/api.go:103.16,105.3 1 0
github.com/taofit/GPA-calculator/api/api.go:106.27,108.17 2 1
github.com/taofit/GPA-calculator/api/api.go:108.17,110.4 1 0
github.com/taofit/GPA-calculator/api/api.go:114.73,116.16 2 1
github.com/taofit/GPA-calculator/api/api.go:119.2,121.16 3 1
github.com/taofit/GPA-calculator/api/api.go:125.2,125.25 1 1
github.com/taofit/GPA-calculator/api/api.go:116.16,118.3 1 0
github.com/taofit/GPA-calculator/api/api.go:121.16,123.3 1 0
github.com/taofit/GPA-calculator/api/api.go:128.62,130.16 2 1
github.com/taofit/GPA-calculator/api/api.go:133.2,135.16 3 1
github.com/taofit/GPA-calculator/api/api.go:139.2,139.20 1 1
github.com/taofit/GPA-calculator/api/api.go:130.16,132.3 1 0
github.com/taofit/GPA-calculator/api/api.go:135.16,137.3 1 0
