mode: set
github.com/taofit/GPA-calculator/api/api.go:30.76,35.2 1 1
github.com/taofit/GPA-calculator/api/api.go:37.64,42.2 3 1
github.com/taofit/GPA-calculator/api/api.go:44.53,45.54 1 0
github.com/taofit/GPA-calculator/api/api.go:45.54,46.33 1 0
github.com/taofit/GPA-calculator/api/api.go:46.33,48.4 1 0
github.com/taofit/GPA-calculator/api/api.go:52.63,53.54 1 0
github.com/taofit/GPA-calculator/api/api.go:53.54,56.17 3 0
github.com/taofit/GPA-calculator/api/api.go:59.3,60.17 2 0
github.com/taofit/GPA-calculator/api/api.go:63.3,63.16 1 0
github.com/taofit/GPA-calculator/api/api.go:66.3,66.19 1 0
github.com/taofit/GPA-calculator/api/api.go:69.3,72.23 4 0
github.com/taofit/GPA-calculator/api/api.go:56.17,58.4 1 0
github.com/taofit/GPA-calculator/api/api.go:60.17,62.4 1 0
github.com/taofit/GPA-calculator/api/api.go:63.16,65.4 1 0
github.com/taofit/GPA-calculator/api/api.go:66.19,68.4 1 0
github.com/taofit/GPA-calculator/api/api.go:76.85,77.32 1 0
github.com/taofit/GPA-calculator/api/api.go:81.2,81.54 1 0
github.com/taofit/GPA-calculator/api/api.go:77.32,79.3 1 0
github.com/taofit/GPA-calculator/api/api.go:84.95,85.32 1 0
github.com/taofit/GPA-calculator/api/api.go:88.2,92.16 5 0
github.com/taofit/GPA-calculator/api/api.go:96.2,96.46 1 0
github.com/taofit/GPA-calculator/api/api.go:85.32,87.3 1 0
github.com/taofit/GPA-calculator/api/api.go:92.16,94.3 1 0
github.com/taofit/GPA-calculator/api/api.go:99.93,101.16 2 1
github.com/taofit/GPA-calculator/api/api.go:105.2,105.44 1 1
github.com/taofit/GPA-calculator/api/api.go:101.16,103.3 1 0
github.com/taofit/GPA-calculator/api/api.go:108.93,109.33 1 1
github.com/taofit/GPA-calculator/api/api.go:112.2,113.66 2 1
github.com/taofit/GPA-calculator/api/api.go:116.2,116.29 1 1
github.com/taofit/GPA-calculator/api/api.go:122.2,122.85 1 1
github.com/taofit/GPA-calculator/api/api.go:109.33,111.3 1 0
github.com/taofit/GPA-calculator/api/api.go:113.66,115.3 1 0
github.com/taofit/GPA-calculator/api/api.go:116.29,118.17 2 1
github.com/taofit/GPA-calculator/api/api.go:118.17,120.4 1 0
github.com/taofit/GPA-calculator/api/api.go:125.27,133.2 6 0
github.com/taofit/GPA-calculator/api/api.go:135.44,138.20 3 1
github.com/taofit/GPA-calculator/api/api.go:142.2,143.16 2 1
github.com/taofit/GPA-calculator/api/api.go:146.2,146.33 1 1
github.com/taofit/GPA-calculator/api/api.go:152.2,153.16 2 1
github.com/taofit/GPA-calculator/api/api.go:156.2,156.27 1 1
github.com/taofit/GPA-calculator/api/api.go:138.20,141.3 2 1
github.com/taofit/GPA-calculator/api/api.go:143.16,145.3 1 0
github.com/taofit/GPA-calculator/api/api.go:146.33,148.17 2 1
github.com/taofit/GPA-calculator/api/api.go:148.17,150.4 1 0
github.com/taofit/GPA-calculator/api/api.go:153.16,155.3 1 0
github.com/taofit/GPA-calculator/api/api.go:156.27,158.17 2 1
github.com/taofit/GPA-calculator/api/api.go:158.17,160.4 1 0
github.com/taofit/GPA-calculator/api/api.go:164.73,166.16 2 1
github.com/taofit/GPA-calculator/api/api.go:169.2,171.16 3 1
github.com/taofit/GPA-calculator/api/api.go:175.2,175.25 1 1
github.com/taofit/GPA-calculator/api/api.go:166.16,168.3 1 0
github.com/taofit/GPA-calculator/api/api.go:171.16,173.3 1 0
github.com/taofit/GPA-calculator/api/api.go:178.62,180.16 2 1
github.com/taofit/GPA-calculator/api/api.go:183.2,185.16 3 1
github.com/taofit/GPA-calculator/api/api.go:189.2,189.20 1 1
github.com/taofit/GPA-calculator/api/api.go:180.16,182.3 1 0
github.com/taofit/GPA-calculator/api/api.go:185.16,187.3 1 0
